<?xml version="1.0" encoding="UTF-8"?>
<!-- Generated by org.testng.reporters.JUnitReportReporter -->
<testsuite hostname="DESKTOP-4F12GA8" failures="0" tests="1" name="readPropertiesFile.FBSingUpUsingProprties" time="7.696" errors="0" timestamp="2024-08-01T15:00:08 IST" skipped="0">
  <testcase classname="readPropertiesFile.FBSingUpUsingProprties" name="f" time="7.696">
    <system-out>
      <![CDATA[Reading data from Property file
Reading data from Property file
Reading data from Property file
Reading data from Property file]]>
    </system-out>
  </testcase> <!-- f -->
  <system-out>
    <![CDATA[Reading data from Property file
Reading data from Property file
Reading data from Property file
Reading data from Property file]]>
  </system-out>
</testsuite> <!-- readPropertiesFile.FBSingUpUsingProprties -->
