<?xml version="1.0" encoding="UTF-8"?>
<!-- Generated by org.testng.reporters.JUnitReportReporter -->
<testsuite hostname="DESKTOP-4F12GA8" failures="0" tests="3" name="testNGKey.DependsOnMethods" time="0.014" errors="0" timestamp="2024-07-20T18:21:08 IST" skipped="0">
  <testcase classname="testNGKey.DependsOnMethods" name="a" time="0.002">
    <system-out>
      <![CDATA[A is running]]>
    </system-out>
  </testcase> <!-- a -->
  <testcase classname="testNGKey.DependsOnMethods" name="b" time="0.010">
    <system-out>
      <![CDATA[B is running]]>
    </system-out>
  </testcase> <!-- b -->
  <testcase classname="testNGKey.DependsOnMethods" name="c" time="0.002">
    <system-out>
      <![CDATA[C is running,true]]>
    </system-out>
  </testcase> <!-- c -->
  <system-out>
    <![CDATA[B is running
C is running,true
A is running]]>
  </system-out>
</testsuite> <!-- testNGKey.DependsOnMethods -->
