<?xml version="1.0" encoding="UTF-8"?>
<!-- Generated by org.testng.reporters.JUnitReportReporter -->
<testsuite hostname="DESKTOP-4F12GA8" failures="0" tests="4" name="testNGKey.NewTest2" time="0.028" errors="0" timestamp="2024-07-21T13:54:37 IST" skipped="0">
  <testcase classname="testNGKey.NewTest2" name="e" time="0.019">
    <system-out>
      <![CDATA[E is running]]>
    </system-out>
  </testcase> <!-- e -->
  <testcase classname="testNGKey.NewTest2" name="f" time="0.002">
    <system-out>
      <![CDATA[F is running]]>
    </system-out>
  </testcase> <!-- f -->
  <testcase classname="testNGKey.NewTest2" name="g" time="0.002">
    <system-out>
      <![CDATA[G is running]]>
    </system-out>
  </testcase> <!-- g -->
  <testcase classname="testNGKey.NewTest2" name="h" time="0.005">
    <system-out>
      <![CDATA[H is running]]>
    </system-out>
  </testcase> <!-- h -->
  <system-out>
    <![CDATA[E is running
F is running
G is running
H is running]]>
  </system-out>
</testsuite> <!-- testNGKey.NewTest2 -->
