<?xml version="1.0" encoding="UTF-8"?>
<!-- Generated by org.testng.reporters.JUnitReportReporter -->
<testsuite hostname="DESKTOP-4F12GA8" failures="0" tests="2" name="CoverFoxListnerTestclass.ListnerTestClass" time="0.326" errors="0" timestamp="2024-08-09T15:16:17 IST" skipped="0">
  <testcase classname="CoverFoxListnerTestclass.ListnerTestClass" name="validateBanners" time="0.259">
    <system-out>
      <![CDATA[ TC validateBannersexecution started]]>
    </system-out>
  </testcase> <!-- validateBanners -->
  <testcase classname="CoverFoxListnerTestclass.ListnerTestClass" name="validatePresenceOfSortDropdown" time="0.067">
    <system-out>
      <![CDATA[ TC validatePresenceOfSortDropdownexecution started]]>
    </system-out>
  </testcase> <!-- validatePresenceOfSortDropdown -->
  <system-out>
    <![CDATA[ TC validateBannersexecution started
 TC validatePresenceOfSortDropdownexecution started]]>
  </system-out>
</testsuite> <!-- CoverFoxListnerTestclass.ListnerTestClass -->
