<?xml version="1.0" encoding="UTF-8"?>
<!-- Generated by org.testng.reporters.JUnitReportReporter -->
<testsuite hostname="DESKTOP-4F12GA8" failures="0" tests="4" name="testNGKey.NewTest3" time="0.028" errors="0" timestamp="2024-07-21T13:58:02 IST" skipped="0">
  <testcase classname="testNGKey.NewTest3" name="i" time="0.019">
    <system-out>
      <![CDATA[I is running]]>
    </system-out>
  </testcase> <!-- i -->
  <testcase classname="testNGKey.NewTest3" name="j" time="0.004">
    <system-out>
      <![CDATA[J is running]]>
    </system-out>
  </testcase> <!-- j -->
  <testcase classname="testNGKey.NewTest3" name="k" time="0.001">
    <system-out>
      <![CDATA[K is running]]>
    </system-out>
  </testcase> <!-- k -->
  <testcase classname="testNGKey.NewTest3" name="l" time="0.004">
    <system-out>
      <![CDATA[L is running]]>
    </system-out>
  </testcase> <!-- l -->
  <system-out>
    <![CDATA[I is running
J is running
K is running
L is running]]>
  </system-out>
</testsuite> <!-- testNGKey.NewTest3 -->
