<?xml version="1.0" encoding="UTF-8"?>
<!-- Generated by org.testng.reporters.JUnitReportReporter -->
<testsuite hostname="DESKTOP-4F12GA8" failures="0" tests="4" name="testNGKey.MultipleKeyWords" time="0.012" errors="0" timestamp="2024-07-20T18:25:44 IST" skipped="1">
  <testcase classname="testNGKey.MultipleKeyWords" name="b" time="0.010">
    <system-out>
      <![CDATA[B is running]]>
    </system-out>
  </testcase> <!-- b -->
  <testcase classname="testNGKey.MultipleKeyWords" name="b" time="0.001">
    <system-out>
      <![CDATA[B is running]]>
    </system-out>
  </testcase> <!-- b -->
  <testcase classname="testNGKey.MultipleKeyWords" name="a" time="0.001">
    <system-out>
      <![CDATA[A is running]]>
    </system-out>
  </testcase> <!-- a -->
  <testcase classname="testNGKey.MultipleKeyWords" name="c">
    <skipped/>
  </testcase> <!-- c -->
  <system-out>
    <![CDATA[B is running
B is running
A is running]]>
  </system-out>
</testsuite> <!-- testNGKey.MultipleKeyWords -->
