<?xml version="1.0" encoding="UTF-8"?>
<!-- Generated by org.testng.reporters.JUnitReportReporter -->
<testsuite hostname="DESKTOP-4F12GA8" failures="0" tests="2" name="testNG.BefoerAfterMethod" time="0.070" errors="0" timestamp="2024-07-13T07:33:15 IST" skipped="0">
  <testcase classname="testNG.BefoerAfterMethod" name="f2" time="0.031">
    <system-out>
      <![CDATA[Test2 Method is running]]>
    </system-out>
  </testcase> <!-- f2 -->
  <testcase classname="testNG.BefoerAfterMethod" name="f1" time="0.039">
    <system-out>
      <![CDATA[Test1 Method is running]]>
    </system-out>
  </testcase> <!-- f1 -->
  <system-out>
    <![CDATA[Before Method is running
Test1 Method is running
after method is running
Before Method is running
Test2 Method is running
after method is running]]>
  </system-out>
</testsuite> <!-- testNG.BefoerAfterMethod -->
