<?xml version="1.0" encoding="UTF-8"?>
<!-- Generated by org.testng.reporters.JUnitReportReporter -->
<testsuite hostname="DESKTOP-4F12GA8" failures="0" tests="2" name="testNG.MyClass" time="0.037" errors="0" timestamp="2024-07-12T16:25:06 IST" skipped="0">
  <testcase classname="testNG.MyClass" name="m1" time="0.005">
    <system-out>
      <![CDATA[dhanashri]]>
    </system-out>
  </testcase> <!-- m1 -->
  <testcase classname="testNG.MyClass" name="f" time="0.032"/>
  <system-out>
    <![CDATA[dhanashri]]>
  </system-out>
</testsuite> <!-- testNG.MyClass -->
