<?xml version="1.0" encoding="UTF-8"?>
<!-- Generated by org.testng.reporters.JUnitReportReporter -->
<testsuite hostname="DESKTOP-4F12GA8" failures="0" tests="4" name="testNGKey.NewTest4" time="0.029" errors="0" timestamp="2024-07-21T14:04:26 IST" skipped="0">
  <testcase classname="testNGKey.NewTest4" name="f" time="0.001">
    <system-out>
      <![CDATA[F is running]]>
    </system-out>
  </testcase> <!-- f -->
  <testcase classname="testNGKey.NewTest4" name="h" time="0.004">
    <system-out>
      <![CDATA[H is running]]>
    </system-out>
  </testcase> <!-- h -->
  <testcase classname="testNGKey.NewTest4" name="e" time="0.020">
    <system-out>
      <![CDATA[ E is running]]>
    </system-out>
  </testcase> <!-- e -->
  <testcase classname="testNGKey.NewTest4" name="g" time="0.004">
    <system-out>
      <![CDATA[G is running]]>
    </system-out>
  </testcase> <!-- g -->
  <system-out>
    <![CDATA[ E is running
F is running
G is running
H is running]]>
  </system-out>
</testsuite> <!-- testNGKey.NewTest4 -->
