<?xml version="1.0" encoding="UTF-8"?>
<!-- Generated by org.testng.reporters.JUnitReportReporter -->
<testsuite hostname="DESKTOP-4F12GA8" failures="0" tests="4" name="testNGKey.InvocationCountTest" time="0.032" errors="0" timestamp="2024-07-20T17:15:33 IST" skipped="0">
  <testcase classname="testNGKey.InvocationCountTest" name="mytest" time="0.006">
    <system-out>
      <![CDATA[My test is running]]>
    </system-out>
  </testcase> <!-- mytest -->
  <testcase classname="testNGKey.InvocationCountTest" name="mytest" time="0.010">
    <system-out>
      <![CDATA[My test is running]]>
    </system-out>
  </testcase> <!-- mytest -->
  <testcase classname="testNGKey.InvocationCountTest" name="mytest" time="0.013">
    <system-out>
      <![CDATA[My test is running]]>
    </system-out>
  </testcase> <!-- mytest -->
  <testcase classname="testNGKey.InvocationCountTest" name="mytest" time="0.003">
    <system-out>
      <![CDATA[My test is running]]>
    </system-out>
  </testcase> <!-- mytest -->
  <system-out>
    <![CDATA[My test is running
My test is running
My test is running
My test is running]]>
  </system-out>
</testsuite> <!-- testNGKey.InvocationCountTest -->
