<?xml version="1.0" encoding="UTF-8"?>
<!-- Generated by org.testng.reporters.JUnitReportReporter -->
<testsuite hostname="DESKTOP-4F12GA8" failures="0" tests="4" name="testNGKey.NewTest5" time="0.172" errors="0" timestamp="2024-07-22T07:25:14 IST" skipped="0">
  <testcase classname="testNGKey.NewTest5" name="b" time="0.045">
    <system-out>
      <![CDATA[B is running]]>
    </system-out>
  </testcase> <!-- b -->
  <testcase classname="testNGKey.NewTest5" name="d" time="0.059">
    <system-out>
      <![CDATA[D is running]]>
    </system-out>
  </testcase> <!-- d -->
  <testcase classname="testNGKey.NewTest5" name="a" time="0.054">
    <system-out>
      <![CDATA[A is running]]>
    </system-out>
  </testcase> <!-- a -->
  <testcase classname="testNGKey.NewTest5" name="c" time="0.014">
    <system-out>
      <![CDATA[C is running]]>
    </system-out>
  </testcase> <!-- c -->
  <system-out>
    <![CDATA[A is running
B is running
C is running
D is running]]>
  </system-out>
</testsuite> <!-- testNGKey.NewTest5 -->
