<?xml version="1.0" encoding="UTF-8"?>
<!-- Generated by org.testng.reporters.JUnitReportReporter -->
<testsuite hostname="DESKTOP-4F12GA8" failures="0" tests="2" name="CoverFoxUsingexcel.CoverFoxTc" time="1.915" errors="0" timestamp="2024-08-09T15:09:28 IST" skipped="0">
  <testcase classname="CoverFoxUsingexcel.CoverFoxTc" name="validatePresenceOfSortDropdown" time="0.074"/>
  <testcase classname="CoverFoxUsingexcel.CoverFoxTc" name="validateBanners" time="1.841"/>
</testsuite> <!-- CoverFoxUsingexcel.CoverFoxTc -->
