<?xml version="1.0" encoding="UTF-8"?>
<!-- Generated by org.testng.reporters.JUnitReportReporter -->
<testsuite hostname="DESKTOP-4F12GA8" failures="0" tests="1" name="testNGKey.TimeOutTest" time="1.027" errors="0" timestamp="2024-07-20T17:24:48 IST" skipped="0">
  <testcase classname="testNGKey.TimeOutTest" name="a" time="1.027">
    <system-out>
      <![CDATA[A is running]]>
    </system-out>
  </testcase> <!-- a -->
  <system-out>
    <![CDATA[A is running]]>
  </system-out>
</testsuite> <!-- testNGKey.TimeOutTest -->
