<?xml version="1.0" encoding="UTF-8"?>
<!-- Generated by org.testng.reporters.JUnitReportReporter -->
<testsuite hostname="DESKTOP-4F12GA8" failures="0" tests="1" name="testNGXML.FB" time="11.800" errors="0" timestamp="2024-07-24T16:32:10 IST" skipped="0">
  <testcase classname="testNGXML.FB" name="facebook" time="11.800"/>
</testsuite> <!-- testNGXML.FB -->
