<?xml version="1.0" encoding="UTF-8"?>
<!-- Generated by org.testng.reporters.JUnitReportReporter -->
<testsuite hostname="DESKTOP-4F12GA8" failures="0" tests="1" name="testNGXML.Ajio" time="17.380" errors="0" timestamp="2024-07-24T16:32:10 IST" skipped="0">
  <testcase classname="testNGXML.Ajio" name="AjioTest" time="17.380"/>
</testsuite> <!-- testNGXML.Ajio -->
