<?xml version="1.0" encoding="UTF-8"?>
<!-- Generated by org.testng.reporters.JUnitReportReporter -->
<testsuite hostname="DESKTOP-4F12GA8" failures="0" tests="4" name="testNGKey.PriorityTest" time="0.016" errors="0" timestamp="2024-07-20T17:08:51 IST" skipped="0">
  <testcase classname="testNGKey.PriorityTest" name="d" time="0.011">
    <system-out>
      <![CDATA[D is running]]>
    </system-out>
  </testcase> <!-- d -->
  <testcase classname="testNGKey.PriorityTest" name="a" time="0.003">
    <system-out>
      <![CDATA[A is running ]]>
    </system-out>
  </testcase> <!-- a -->
  <testcase classname="testNGKey.PriorityTest" name="c" time="0.001">
    <system-out>
      <![CDATA[C is running]]>
    </system-out>
  </testcase> <!-- c -->
  <testcase classname="testNGKey.PriorityTest" name="b" time="0.001">
    <system-out>
      <![CDATA[B is running ]]>
    </system-out>
  </testcase> <!-- b -->
  <system-out>
    <![CDATA[D is running
A is running 
C is running
B is running ]]>
  </system-out>
</testsuite> <!-- testNGKey.PriorityTest -->
