<?xml version="1.0" encoding="UTF-8"?>
<!-- Generated by org.testng.reporters.JUnitReportReporter -->
<testsuite hostname="DESKTOP-4F12GA8" failures="0" tests="3" name="testNGKey.EnabledTest" time="0.017" errors="0" timestamp="2024-07-20T17:22:26 IST" skipped="0">
  <testcase classname="testNGKey.EnabledTest" name="a" time="0.013">
    <system-out>
      <![CDATA[A is running ]]>
    </system-out>
  </testcase> <!-- a -->
  <testcase classname="testNGKey.EnabledTest" name="c" time="0.002">
    <system-out>
      <![CDATA[C is running]]>
    </system-out>
  </testcase> <!-- c -->
  <testcase classname="testNGKey.EnabledTest" name="b" time="0.002">
    <system-out>
      <![CDATA[B is running ]]>
    </system-out>
  </testcase> <!-- b -->
  <system-out>
    <![CDATA[A is running 
B is running 
C is running]]>
  </system-out>
</testsuite> <!-- testNGKey.EnabledTest -->
