<?xml version="1.0" encoding="UTF-8"?>
<!-- Generated by org.testng.reporters.JUnitReportReporter -->
<testsuite hostname="DESKTOP-4F12GA8" failures="0" tests="1" name="VerificationUsingTestNG.AssertEqualsNotEquals" time="0.018" errors="0" timestamp="2024-07-24T16:43:13 IST" skipped="0">
  <testcase classname="VerificationUsingTestNG.AssertEqualsNotEquals" name="method" time="0.018"/>
</testsuite> <!-- VerificationUsingTestNG.AssertEqualsNotEquals -->
