<?xml version="1.0" encoding="UTF-8"?>
<!-- Generated by org.testng.reporters.JUnitReportReporter -->
<testsuite hostname="DESKTOP-4F12GA8" failures="0" tests="4" name="testNGKey.NewTest1" time="0.034" errors="0" timestamp="2024-07-21T13:48:25 IST" skipped="0">
  <testcase classname="testNGKey.NewTest1" name="a" time="0.025">
    <system-out>
      <![CDATA[A is runnig]]>
    </system-out>
  </testcase> <!-- a -->
  <testcase classname="testNGKey.NewTest1" name="b" time="0.004">
    <system-out>
      <![CDATA[B is running ]]>
    </system-out>
  </testcase> <!-- b -->
  <testcase classname="testNGKey.NewTest1" name="c" time="0.003">
    <system-out>
      <![CDATA[C is running]]>
    </system-out>
  </testcase> <!-- c -->
  <testcase classname="testNGKey.NewTest1" name="d" time="0.002">
    <system-out>
      <![CDATA[D is running ]]>
    </system-out>
  </testcase> <!-- d -->
  <system-out>
    <![CDATA[A is runnig
B is running 
C is running
D is running ]]>
  </system-out>
</testsuite> <!-- testNGKey.NewTest1 -->
